[TRACE] 2021-10-20 18:35:21.640 [http-nio-8082-exec-9] AuthServlet - authenticating employee
[TRACE] 2021-10-20 18:35:22.186 [http-nio-8082-exec-9] AuthServlet - passed authentication
[TRACE] 2021-10-20 18:35:23.906 [http-nio-8082-exec-3] AuthServlet - authenticating token
[TRACE] 2021-10-20 18:35:23.946 [http-nio-8082-exec-3] AuthServlet - passed authentication
[TRACE] 2021-10-20 18:35:26.295 [http-nio-8082-exec-4] AuthServlet - authenticating token
[TRACE] 2021-10-20 18:35:26.331 [http-nio-8082-exec-4] AuthServlet - passed authentication
[TRACE] 2021-10-20 18:41:53.810 [http-nio-8082-exec-1] AuthServlet - authenticating employee
[TRACE] 2021-10-20 18:41:53.847 [http-nio-8082-exec-1] AuthServlet - passed authentication
[TRACE] 2021-10-20 18:41:54.913 [http-nio-8082-exec-6] AuthServlet - authenticating token
[TRACE] 2021-10-20 18:41:54.949 [http-nio-8082-exec-6] AuthServlet - passed authentication
[TRACE] 2021-10-20 18:47:52.693 [http-nio-8082-exec-10] AuthServlet - authenticating token
[TRACE] 2021-10-20 18:47:52.730 [http-nio-8082-exec-10] AuthServlet - passed authentication
[TRACE] 2021-10-20 18:49:14.934 [http-nio-8082-exec-1] AuthServlet - authenticating token
[TRACE] 2021-10-20 18:49:15.481 [http-nio-8082-exec-1] AuthServlet - passed authentication
[TRACE] 2021-10-20 18:49:47.555 [http-nio-8082-exec-4] AuthServlet - authenticating token
[TRACE] 2021-10-20 18:49:47.602 [http-nio-8082-exec-4] AuthServlet - passed authentication
[TRACE] 2021-10-20 18:50:31.318 [http-nio-8082-exec-4] AuthServlet - authenticating token
[TRACE] 2021-10-20 18:50:31.365 [http-nio-8082-exec-4] AuthServlet - passed authentication
[TRACE] 2021-10-20 18:50:56.478 [http-nio-8082-exec-4] AuthServlet - authenticating token
[TRACE] 2021-10-20 18:50:56.518 [http-nio-8082-exec-4] AuthServlet - passed authentication
[TRACE] 2021-10-20 18:51:12.978 [http-nio-8082-exec-4] AuthServlet - authenticating token
[TRACE] 2021-10-20 18:51:13.024 [http-nio-8082-exec-4] AuthServlet - passed authentication
[TRACE] 2021-10-20 18:51:16.383 [http-nio-8082-exec-5] AuthServlet - authenticating token
[TRACE] 2021-10-20 18:51:16.423 [http-nio-8082-exec-5] AuthServlet - passed authentication
[TRACE] 2021-10-20 18:52:04.243 [http-nio-8082-exec-4] AuthServlet - authenticating token
[TRACE] 2021-10-20 18:52:04.289 [http-nio-8082-exec-4] AuthServlet - passed authentication
[TRACE] 2021-10-20 18:54:44.581 [http-nio-8082-exec-4] AuthServlet - authenticating token
[TRACE] 2021-10-20 18:54:44.628 [http-nio-8082-exec-4] AuthServlet - passed authentication
[TRACE] 2021-10-20 18:55:18.680 [http-nio-8082-exec-4] AuthServlet - authenticating token
[TRACE] 2021-10-20 18:55:18.727 [http-nio-8082-exec-4] AuthServlet - passed authentication
[TRACE] 2021-10-20 18:56:45.374 [http-nio-8082-exec-1] AuthServlet - authenticating token
[TRACE] 2021-10-20 18:56:45.968 [http-nio-8082-exec-1] AuthServlet - passed authentication
[TRACE] 2021-10-20 18:56:51.946 [http-nio-8082-exec-5] AuthServlet - authenticating token
[TRACE] 2021-10-20 18:56:51.986 [http-nio-8082-exec-5] AuthServlet - passed authentication
[TRACE] 2021-10-20 18:58:51.700 [http-nio-8082-exec-4] AuthServlet - authenticating token
[TRACE] 2021-10-20 18:58:51.746 [http-nio-8082-exec-4] AuthServlet - passed authentication
[TRACE] 2021-10-20 19:04:27.654 [http-nio-8082-exec-4] AuthServlet - authenticating employee
[TRACE] 2021-10-20 19:04:28.185 [http-nio-8082-exec-4] AuthServlet - passed authentication
[TRACE] 2021-10-20 19:07:14.763 [http-nio-8082-exec-1] AuthServlet - authenticating employee
[TRACE] 2021-10-20 19:07:15.263 [http-nio-8082-exec-1] AuthServlet - passed authentication
[TRACE] 2021-10-20 19:10:59.896 [http-nio-8082-exec-4] AuthServlet - authenticating token
[TRACE] 2021-10-20 19:10:59.990 [http-nio-8082-exec-4] AuthServlet - passed authentication
[TRACE] 2021-10-20 19:11:23.004 [http-nio-8082-exec-8] AuthServlet - authenticating employee
[ERROR] 2021-10-20 19:11:23.045 [http-nio-8082-exec-8] AuthServlet - failed authentication
[TRACE] 2021-10-20 19:12:16.751 [http-nio-8082-exec-1] AuthServlet - authenticating employee
[TRACE] 2021-10-20 19:12:16.806 [http-nio-8082-exec-1] AuthServlet - passed authentication
[TRACE] 2021-10-20 19:12:42.540 [http-nio-8082-exec-6] AuthServlet - authenticating employee
[TRACE] 2021-10-20 19:12:42.575 [http-nio-8082-exec-6] AuthServlet - passed authentication
[TRACE] 2021-10-20 19:13:01.364 [http-nio-8082-exec-2] AuthServlet - authenticating token
[ERROR] 2021-10-20 19:13:01.430 [http-nio-8082-exec-2] AuthServlet - token does not belong to a current manager
[TRACE] 2021-10-20 19:14:47.475 [http-nio-8082-exec-4] AuthServlet - authenticating employee
[TRACE] 2021-10-20 19:14:47.524 [http-nio-8082-exec-4] AuthServlet - passed authentication
[TRACE] 2021-10-20 19:14:49.724 [http-nio-8082-exec-9] AuthServlet - authenticating token
[ERROR] 2021-10-20 19:14:49.777 [http-nio-8082-exec-9] AuthServlet - token does not belong to a current manager
[TRACE] 2021-10-20 19:15:57.406 [http-nio-8082-exec-3] AuthServlet - authenticating employee
[TRACE] 2021-10-20 19:15:57.454 [http-nio-8082-exec-3] AuthServlet - passed authentication
[TRACE] 2021-10-20 19:15:59.408 [http-nio-8082-exec-10] AuthServlet - authenticating token
[ERROR] 2021-10-20 19:15:59.448 [http-nio-8082-exec-10] AuthServlet - token does not belong to a current manager
[TRACE] 2021-10-20 19:17:41.624 [http-nio-8082-exec-4] AuthServlet - authenticating token
[ERROR] 2021-10-20 19:17:41.796 [http-nio-8082-exec-4] AuthServlet - token does not belong to a current manager
[TRACE] 2021-10-20 19:18:45.540 [http-nio-8082-exec-10] AuthServlet - authenticating token
[ERROR] 2021-10-20 19:18:45.592 [http-nio-8082-exec-10] AuthServlet - token does not belong to a current manager
[TRACE] 2021-10-20 19:21:30.334 [http-nio-8082-exec-2] AuthServlet - authenticating token
[ERROR] 2021-10-20 19:21:30.848 [http-nio-8082-exec-2] AuthServlet - token does not belong to a current manager
[TRACE] 2021-10-20 19:21:36.130 [http-nio-8082-exec-8] AuthServlet - authenticating token
[ERROR] 2021-10-20 19:21:36.275 [http-nio-8082-exec-8] AuthServlet - token does not belong to a current manager
[TRACE] 2021-10-20 19:22:07.821 [http-nio-8082-exec-5] AuthServlet - authenticating employee
[TRACE] 2021-10-20 19:22:07.877 [http-nio-8082-exec-5] AuthServlet - passed authentication
[TRACE] 2021-10-20 19:22:19.238 [http-nio-8082-exec-1] AuthServlet - authenticating token
[TRACE] 2021-10-20 19:22:19.281 [http-nio-8082-exec-1] AuthServlet - passed authentication
[TRACE] 2021-10-20 19:24:24.446 [http-nio-8082-exec-4] AuthServlet - authenticating employee
[TRACE] 2021-10-20 19:24:24.484 [http-nio-8082-exec-4] AuthServlet - passed authentication
[TRACE] 2021-10-20 19:25:37.146 [http-nio-8082-exec-10] AuthServlet - authenticating employee
[TRACE] 2021-10-20 19:25:37.184 [http-nio-8082-exec-10] AuthServlet - passed authentication
[TRACE] 2021-10-20 19:25:38.509 [http-nio-8082-exec-3] AuthServlet - authenticating token
[TRACE] 2021-10-20 19:25:38.545 [http-nio-8082-exec-3] AuthServlet - passed authentication
[TRACE] 2021-10-20 19:34:58.403 [http-nio-8082-exec-6] AuthServlet - authenticating employee
[TRACE] 2021-10-20 19:34:58.441 [http-nio-8082-exec-6] AuthServlet - passed authentication
[TRACE] 2021-10-20 19:35:00.050 [http-nio-8082-exec-9] AuthServlet - authenticating token
[ERROR] 2021-10-20 19:35:00.088 [http-nio-8082-exec-9] AuthServlet - token does not belong to a current manager
[TRACE] 2021-10-20 19:35:40.930 [http-nio-8082-exec-5] AuthServlet - authenticating token
[TRACE] 2021-10-20 19:35:40.977 [http-nio-8082-exec-5] AuthServlet - Check for manager initiated
[ERROR] 2021-10-20 19:35:40.977 [http-nio-8082-exec-5] AuthServlet - token does not belong to a current manager
[TRACE] 2021-10-20 19:36:02.216 [http-nio-8082-exec-7] AuthServlet - authenticating token
[TRACE] 2021-10-20 19:36:02.252 [http-nio-8082-exec-7] AuthServlet - Check for manager initiated
[ERROR] 2021-10-20 19:36:02.252 [http-nio-8082-exec-7] AuthServlet - token does not belong to a current manager
[TRACE] 2021-10-20 19:40:37.888 [http-nio-8082-exec-4] AuthServlet - authenticating employee
[TRACE] 2021-10-20 19:40:38.413 [http-nio-8082-exec-4] AuthServlet - passed authentication
[TRACE] 2021-10-20 19:40:41.988 [http-nio-8082-exec-8] AuthServlet - authenticating token
[TRACE] 2021-10-20 19:40:42.025 [http-nio-8082-exec-8] AuthServlet - Check for manager initiated
[TRACE] 2021-10-20 19:41:32.538 [http-nio-8082-exec-3] AuthServlet - authenticating token
[TRACE] 2021-10-20 19:41:33.038 [http-nio-8082-exec-3] AuthServlet - passed authentication
[TRACE] 2021-10-20 19:41:58.380 [http-nio-8082-exec-6] AuthServlet - authenticating token
[TRACE] 2021-10-20 19:41:58.422 [http-nio-8082-exec-6] AuthServlet - passed authentication
[TRACE] 2021-10-20 19:42:02.125 [http-nio-8082-exec-9] AuthServlet - authenticating token
[TRACE] 2021-10-20 19:42:02.162 [http-nio-8082-exec-9] AuthServlet - passed authentication
[TRACE] 2021-10-20 20:22:05.305 [http-nio-8082-exec-5] AuthServlet - authenticating employee
[TRACE] 2021-10-20 20:22:05.878 [http-nio-8082-exec-5] AuthServlet - passed authentication
[TRACE] 2021-10-20 20:23:02.473 [http-nio-8082-exec-3] AuthServlet - authenticating employee
[TRACE] 2021-10-20 20:23:02.989 [http-nio-8082-exec-3] AuthServlet - passed authentication
[TRACE] 2021-10-20 20:23:03.795 [http-nio-8082-exec-4] AuthServlet - authenticating employee
[TRACE] 2021-10-20 20:23:03.832 [http-nio-8082-exec-4] AuthServlet - passed authentication
[TRACE] 2021-10-20 20:24:02.215 [http-nio-8082-exec-3] AuthServlet - authenticating employee
[TRACE] 2021-10-20 20:24:02.718 [http-nio-8082-exec-3] AuthServlet - passed authentication
[TRACE] 2021-10-20 20:24:08.441 [http-nio-8082-exec-9] AuthServlet - authenticating token
[TRACE] 2021-10-20 20:24:08.485 [http-nio-8082-exec-9] AuthServlet - Check for manager initiated
[TRACE] 2021-10-20 20:24:12.758 [http-nio-8082-exec-2] AuthServlet - authenticating token
[TRACE] 2021-10-20 20:24:12.800 [http-nio-8082-exec-2] AuthServlet - passed authentication
[TRACE] 2021-10-20 20:28:50.376 [http-nio-8082-exec-1] AuthServlet - authenticating employee
[TRACE] 2021-10-20 20:28:50.878 [http-nio-8082-exec-1] AuthServlet - passed authentication
[TRACE] 2021-10-20 20:28:54.554 [http-nio-8082-exec-4] AuthServlet - authenticating token
[TRACE] 2021-10-20 20:28:54.588 [http-nio-8082-exec-4] AuthServlet - Check for manager initiated
[TRACE] 2021-10-20 20:29:08.531 [http-nio-8082-exec-10] AuthServlet - authenticating employee
[TRACE] 2021-10-20 20:29:08.583 [http-nio-8082-exec-10] AuthServlet - passed authentication
[TRACE] 2021-10-20 20:29:39.704 [http-nio-8082-exec-3] AuthServlet - authenticating employee
[TRACE] 2021-10-20 20:29:39.740 [http-nio-8082-exec-3] AuthServlet - passed authentication
[TRACE] 2021-10-20 20:29:50.987 [http-nio-8082-exec-4] AuthServlet - authenticating employee
[TRACE] 2021-10-20 20:29:51.027 [http-nio-8082-exec-4] AuthServlet - passed authentication
[TRACE] 2021-10-20 20:29:57.559 [http-nio-8082-exec-9] AuthServlet - authenticating token
[TRACE] 2021-10-20 20:29:57.596 [http-nio-8082-exec-9] AuthServlet - Check for manager initiated
[TRACE] 2021-10-20 20:30:17.452 [http-nio-8082-exec-4] AuthServlet - authenticating employee
[TRACE] 2021-10-20 20:30:17.489 [http-nio-8082-exec-4] AuthServlet - passed authentication
[TRACE] 2021-10-20 20:30:35.379 [http-nio-8082-exec-3] AuthServlet - authenticating token
[TRACE] 2021-10-20 20:30:35.416 [http-nio-8082-exec-3] AuthServlet - Check for manager initiated
[ERROR] 2021-10-20 20:30:35.416 [http-nio-8082-exec-3] AuthServlet - token does not belong to a current manager
[TRACE] 2021-10-20 20:30:45.965 [http-nio-8082-exec-2] AuthServlet - authenticating employee
[TRACE] 2021-10-20 20:30:46.125 [http-nio-8082-exec-2] AuthServlet - passed authentication
[TRACE] 2021-10-20 20:30:49.748 [http-nio-8082-exec-5] AuthServlet - authenticating token
[TRACE] 2021-10-20 20:30:49.783 [http-nio-8082-exec-5] AuthServlet - Check for manager initiated
[TRACE] 2021-10-20 20:31:11.106 [http-nio-8082-exec-10] AuthServlet - authenticating token
[TRACE] 2021-10-20 20:31:11.142 [http-nio-8082-exec-10] AuthServlet - passed authentication
[TRACE] 2021-10-20 20:31:31.300 [http-nio-8082-exec-9] AuthServlet - authenticating token
[TRACE] 2021-10-20 20:31:31.335 [http-nio-8082-exec-9] AuthServlet - Check for manager initiated
[TRACE] 2021-10-20 20:31:47.263 [http-nio-8082-exec-4] AuthServlet - authenticating token
[TRACE] 2021-10-20 20:31:47.303 [http-nio-8082-exec-4] AuthServlet - passed authentication
[TRACE] 2021-10-20 20:41:04.870 [http-nio-8082-exec-1] AuthServlet - authenticating token
[TRACE] 2021-10-20 20:41:05.384 [http-nio-8082-exec-1] AuthServlet - Check for manager initiated
[TRACE] 2021-10-20 20:42:03.333 [http-nio-8082-exec-1] AuthServlet - authenticating token
[TRACE] 2021-10-20 20:42:03.832 [http-nio-8082-exec-1] AuthServlet - passed authentication
[TRACE] 2021-10-20 20:42:07.730 [http-nio-8082-exec-5] AuthServlet - authenticating token
[TRACE] 2021-10-20 20:42:07.771 [http-nio-8082-exec-5] AuthServlet - Check for manager initiated
[TRACE] 2021-10-20 20:42:21.342 [http-nio-8082-exec-2] AuthServlet - authenticating token
[TRACE] 2021-10-20 20:42:21.378 [http-nio-8082-exec-2] AuthServlet - passed authentication
[TRACE] 2021-10-20 20:42:31.963 [http-nio-8082-exec-7] AuthServlet - authenticating token
[TRACE] 2021-10-20 20:42:32.002 [http-nio-8082-exec-7] AuthServlet - Check for manager initiated
[TRACE] 2021-10-20 20:42:37.981 [http-nio-8082-exec-10] AuthServlet - authenticating token
[TRACE] 2021-10-20 20:42:38.019 [http-nio-8082-exec-10] AuthServlet - passed authentication
[TRACE] 2021-10-20 20:42:55.034 [http-nio-8082-exec-6] AuthServlet - authenticating token
[TRACE] 2021-10-20 20:42:55.072 [http-nio-8082-exec-6] AuthServlet - Check for manager initiated
[TRACE] 2021-10-20 20:43:42.239 [http-nio-8082-exec-7] AuthServlet - authenticating token
[TRACE] 2021-10-20 20:43:42.275 [http-nio-8082-exec-7] AuthServlet - passed authentication
[TRACE] 2021-10-20 21:13:34.786 [http-nio-8082-exec-1] AuthServlet - authenticating token
[TRACE] 2021-10-20 21:13:35.360 [http-nio-8082-exec-1] AuthServlet - Check for manager initiated
[TRACE] 2021-10-20 21:13:45.559 [http-nio-8082-exec-8] AuthServlet - authenticating employee
[TRACE] 2021-10-20 21:13:45.613 [http-nio-8082-exec-8] AuthServlet - passed authentication
[TRACE] 2021-10-20 21:13:47.211 [http-nio-8082-exec-2] AuthServlet - authenticating token
[TRACE] 2021-10-20 21:13:47.261 [http-nio-8082-exec-2] AuthServlet - Check for manager initiated
[ERROR] 2021-10-20 21:13:47.261 [http-nio-8082-exec-2] AuthServlet - token does not belong to a current manager
[TRACE] 2021-10-20 21:15:15.119 [http-nio-8082-exec-10] AuthServlet - authenticating employee
[TRACE] 2021-10-20 21:15:15.160 [http-nio-8082-exec-10] AuthServlet - passed authentication
[TRACE] 2021-10-20 21:15:18.748 [http-nio-8082-exec-5] AuthServlet - authenticating token
[TRACE] 2021-10-20 21:15:18.794 [http-nio-8082-exec-5] AuthServlet - Check for manager initiated
[TRACE] 2021-10-20 21:15:33.175 [http-nio-8082-exec-5] AuthServlet - authenticating employee
[TRACE] 2021-10-20 21:15:33.237 [http-nio-8082-exec-5] AuthServlet - passed authentication
[TRACE] 2021-10-20 21:15:50.783 [http-nio-8082-exec-9] AuthServlet - authenticating employee
[TRACE] 2021-10-20 21:15:50.820 [http-nio-8082-exec-9] AuthServlet - passed authentication
[TRACE] 2021-10-20 21:15:55.228 [http-nio-8082-exec-1] AuthServlet - authenticating token
[TRACE] 2021-10-20 21:15:55.271 [http-nio-8082-exec-1] AuthServlet - Check for manager initiated
[TRACE] 2021-10-20 21:16:35.294 [http-nio-8082-exec-8] AuthServlet - authenticating employee
[TRACE] 2021-10-20 21:16:35.331 [http-nio-8082-exec-8] AuthServlet - passed authentication
[TRACE] 2021-10-20 21:16:57.438 [http-nio-8082-exec-2] AuthServlet - authenticating employee
[TRACE] 2021-10-20 21:16:57.477 [http-nio-8082-exec-2] AuthServlet - passed authentication
[TRACE] 2021-10-20 21:19:41.648 [http-nio-8082-exec-4] AuthServlet - authenticating token
[TRACE] 2021-10-20 21:19:41.697 [http-nio-8082-exec-4] AuthServlet - Check for manager initiated
[ERROR] 2021-10-20 21:19:41.697 [http-nio-8082-exec-4] AuthServlet - token does not belong to a current manager
